Removed Pin From Net: NetName=IN9C Pin=X2-1
Removed Pin From Net: NetName=IN10C Pin=X2-2
Removed Pin From Net: NetName=IN11C Pin=X2-3
Removed Pin From Net: NetName=IN12C Pin=X2-4
Removed Pin From Net: NetName=REFC Pin=X3-1
Removed Pin From Net: NetName=IN13C Pin=X3-2
Removed Pin From Net: NetName=IN14C Pin=X3-3
Removed Pin From Net: NetName=IN15C Pin=X3-4
Removed Pin From Net: NetName=IN16C Pin=X3-5
Added Pin To Net: NetName=REFC Pin=X2-1
Added Pin To Net: NetName=IN13C Pin=X2-2
Added Pin To Net: NetName=IN14C Pin=X2-3
Added Pin To Net: NetName=IN15C Pin=X2-4
Added Pin To Net: NetName=IN16C Pin=X2-5
Added Pin To Net: NetName=IN12C Pin=X3-1
Added Pin To Net: NetName=IN11C Pin=X3-2
Added Pin To Net: NetName=IN10C Pin=X3-3
Added Pin To Net: NetName=IN9C Pin=X3-4
Added Member To Class: ClassName=ADS1298 Member=Component D1 ADS1298IPAG
Added Member To Class: ClassName=ADS1298 Member=Component D2 ADS1298IPAG
Added Room: Name=ADS1298
Added Room: Name=ESP32
Added Room: Name=Input1
Added Room: Name=Input2
Added Room: Name=Power supply
