Removed Pin From Net: NetName=GND Pin=C47-2
Removed Pin From Net: NetName=GND Pin=C48-2
Removed Pin From Net: NetName=GND Pin=C53-2
Removed Pin From Net: NetName=GND Pin=C54-2
Removed Pin From Net: NetName=GND Pin=D1-31
Removed Pin From Net: NetName=GND Pin=D1-41
Removed Pin From Net: NetName=GND Pin=D1-49
Removed Pin From Net: NetName=GND Pin=D1-51
Removed Pin From Net: NetName=GND Pin=D1-52
Removed Pin From Net: NetName=GND Pin=D2-31
Removed Pin From Net: NetName=GND Pin=D2-41
Removed Pin From Net: NetName=GND Pin=D2-49
Removed Pin From Net: NetName=GND Pin=D2-51
Removed Pin From Net: NetName=GND Pin=D2-52
Change Component Comment : Designator=R36 Old Comment=46.4k New Comment=32k
Change Component Comment : Designator=R35 Old Comment=49.9k New Comment=47k7
Change Component Comment : Designator=R38 Old Comment=TBD New Comment=32k
Change Component Comment : Designator=R37 Old Comment=TBD New Comment=55k7
Change Component Designator: OldDesignator=P3 NewDesignator=X1
Added Component: Designator=J1(HDR1X2)
Add component (AddParameter): Name = "LatestRevisionDate"; Value = "17-Jul-2002"; VariantName = "[No Variations]"
Add component (AddParameter): Name = "LatestRevisionNote"; Value = "Re-released for DXP Platform."; VariantName = "[No Variations]"
Add component (AddParameter): Name = "Publisher"; Value = "Altium Limited"; VariantName = "[No Variations]"
Added Component: Designator=R58(0603)
Add component (AddParameter): Name = "LatestRevisionDate"; Value = "17-Jul-2002"; VariantName = "[No Variations]"
Add component (AddParameter): Name = "LatestRevisionNote"; Value = "Re-released for DXP Platform."; VariantName = "[No Variations]"
Add component (AddParameter): Name = "PackageDescription"; Value = "Axial Device, Thru-Hole; 2 Leads; 0.4 in Pin Spacing"; VariantName = "[No Variations]"
Add component (AddParameter): Name = "PackageReference"; Value = "AXIAL-0.4"; VariantName = "[No Variations]"
Add component (AddParameter): Name = "Published"; Value = "8-Jun-2000"; VariantName = "[No Variations]"
Add component (AddParameter): Name = "Publisher"; Value = "Altium Limited"; VariantName = "[No Variations]"
Add component (AddParameter): Name = "Value"; Value = "1K"; VariantName = "[No Variations]"
Added Component: Designator=R59(0603)
Add component (AddParameter): Name = "LatestRevisionDate"; Value = "17-Jul-2002"; VariantName = "[No Variations]"
Add component (AddParameter): Name = "LatestRevisionNote"; Value = "Re-released for DXP Platform."; VariantName = "[No Variations]"
Add component (AddParameter): Name = "PackageDescription"; Value = "Axial Device, Thru-Hole; 2 Leads; 0.4 in Pin Spacing"; VariantName = "[No Variations]"
Add component (AddParameter): Name = "PackageReference"; Value = "AXIAL-0.4"; VariantName = "[No Variations]"
Add component (AddParameter): Name = "Published"; Value = "8-Jun-2000"; VariantName = "[No Variations]"
Add component (AddParameter): Name = "Publisher"; Value = "Altium Limited"; VariantName = "[No Variations]"
Add component (AddParameter): Name = "Value"; Value = "1K"; VariantName = "[No Variations]"
Added Component: Designator=R60(0603)
Add component (AddParameter): Name = "LatestRevisionDate"; Value = "17-Jul-2002"; VariantName = "[No Variations]"
Add component (AddParameter): Name = "LatestRevisionNote"; Value = "Re-released for DXP Platform."; VariantName = "[No Variations]"
Add component (AddParameter): Name = "PackageDescription"; Value = "Axial Device, Thru-Hole; 2 Leads; 0.4 in Pin Spacing"; VariantName = "[No Variations]"
Add component (AddParameter): Name = "PackageReference"; Value = "AXIAL-0.4"; VariantName = "[No Variations]"
Add component (AddParameter): Name = "Published"; Value = "8-Jun-2000"; VariantName = "[No Variations]"
Add component (AddParameter): Name = "Publisher"; Value = "Altium Limited"; VariantName = "[No Variations]"
Add component (AddParameter): Name = "Value"; Value = "1K"; VariantName = "[No Variations]"
Added Component: Designator=R61(0603)
Add component (AddParameter): Name = "LatestRevisionDate"; Value = "17-Jul-2002"; VariantName = "[No Variations]"
Add component (AddParameter): Name = "LatestRevisionNote"; Value = "Re-released for DXP Platform."; VariantName = "[No Variations]"
Add component (AddParameter): Name = "PackageDescription"; Value = "Axial Device, Thru-Hole; 2 Leads; 0.4 in Pin Spacing"; VariantName = "[No Variations]"
Add component (AddParameter): Name = "PackageReference"; Value = "AXIAL-0.4"; VariantName = "[No Variations]"
Add component (AddParameter): Name = "Published"; Value = "8-Jun-2000"; VariantName = "[No Variations]"
Add component (AddParameter): Name = "Publisher"; Value = "Altium Limited"; VariantName = "[No Variations]"
Add component (AddParameter): Name = "Value"; Value = "1K"; VariantName = "[No Variations]"
Added Component: Designator=R62(0603)
Add component (AddParameter): Name = "LatestRevisionDate"; Value = "17-Jul-2002"; VariantName = "[No Variations]"
Add component (AddParameter): Name = "LatestRevisionNote"; Value = "Re-released for DXP Platform."; VariantName = "[No Variations]"
Add component (AddParameter): Name = "PackageDescription"; Value = "Axial Device, Thru-Hole; 2 Leads; 0.4 in Pin Spacing"; VariantName = "[No Variations]"
Add component (AddParameter): Name = "PackageReference"; Value = "AXIAL-0.4"; VariantName = "[No Variations]"
Add component (AddParameter): Name = "Published"; Value = "8-Jun-2000"; VariantName = "[No Variations]"
Add component (AddParameter): Name = "Publisher"; Value = "Altium Limited"; VariantName = "[No Variations]"
Add component (AddParameter): Name = "Value"; Value = "1K"; VariantName = "[No Variations]"
Added Component: Designator=R63(0603)
Add component (AddParameter): Name = "LatestRevisionDate"; Value = "17-Jul-2002"; VariantName = "[No Variations]"
Add component (AddParameter): Name = "LatestRevisionNote"; Value = "Re-released for DXP Platform."; VariantName = "[No Variations]"
Add component (AddParameter): Name = "PackageDescription"; Value = "Axial Device, Thru-Hole; 2 Leads; 0.4 in Pin Spacing"; VariantName = "[No Variations]"
Add component (AddParameter): Name = "PackageReference"; Value = "AXIAL-0.4"; VariantName = "[No Variations]"
Add component (AddParameter): Name = "Published"; Value = "8-Jun-2000"; VariantName = "[No Variations]"
Add component (AddParameter): Name = "Publisher"; Value = "Altium Limited"; VariantName = "[No Variations]"
Add component (AddParameter): Name = "Value"; Value = "1K"; VariantName = "[No Variations]"
Added Component: Designator=R64(0603)
Add component (AddParameter): Name = "LatestRevisionDate"; Value = "17-Jul-2002"; VariantName = "[No Variations]"
Add component (AddParameter): Name = "LatestRevisionNote"; Value = "Re-released for DXP Platform."; VariantName = "[No Variations]"
Add component (AddParameter): Name = "PackageDescription"; Value = "Axial Device, Thru-Hole; 2 Leads; 0.4 in Pin Spacing"; VariantName = "[No Variations]"
Add component (AddParameter): Name = "PackageReference"; Value = "AXIAL-0.4"; VariantName = "[No Variations]"
Add component (AddParameter): Name = "Published"; Value = "8-Jun-2000"; VariantName = "[No Variations]"
Add component (AddParameter): Name = "Publisher"; Value = "Altium Limited"; VariantName = "[No Variations]"
Add component (AddParameter): Name = "Value"; Value = "1K"; VariantName = "[No Variations]"
Added Component: Designator=R65(0603)
Add component (AddParameter): Name = "LatestRevisionDate"; Value = "17-Jul-2002"; VariantName = "[No Variations]"
Add component (AddParameter): Name = "LatestRevisionNote"; Value = "Re-released for DXP Platform."; VariantName = "[No Variations]"
Add component (AddParameter): Name = "PackageDescription"; Value = "Axial Device, Thru-Hole; 2 Leads; 0.4 in Pin Spacing"; VariantName = "[No Variations]"
Add component (AddParameter): Name = "PackageReference"; Value = "AXIAL-0.4"; VariantName = "[No Variations]"
Add component (AddParameter): Name = "Published"; Value = "8-Jun-2000"; VariantName = "[No Variations]"
Add component (AddParameter): Name = "Publisher"; Value = "Altium Limited"; VariantName = "[No Variations]"
Add component (AddParameter): Name = "Value"; Value = "1K"; VariantName = "[No Variations]"
Added Pin To Net: NetName=/RESET2 Pin=R58-1
Added Pin To Net: NetName=DVDD Pin=R58-2
Added Pin To Net: NetName=/PWDN2 Pin=R59-1
Added Pin To Net: NetName=DVDD Pin=R59-2
Added Pin To Net: NetName=GND Pin=R60-1
Added Pin To Net: NetName=/RESET2 Pin=R60-2
Added Pin To Net: NetName=GND Pin=R61-1
Added Pin To Net: NetName=/PWDN2 Pin=R61-2
Added Pin To Net: NetName=/RESET1 Pin=R62-1
Added Pin To Net: NetName=DVDD Pin=R62-2
Added Pin To Net: NetName=/PWDN1 Pin=R63-1
Added Pin To Net: NetName=DVDD Pin=R63-2
Added Pin To Net: NetName=GND Pin=R64-1
Added Pin To Net: NetName=/RESET1 Pin=R64-2
Added Pin To Net: NetName=GND Pin=R65-1
Added Pin To Net: NetName=/PWDN1 Pin=R65-2
Added Pin To Net: NetName=/CS2 Pin=X2-12
Added Pin To Net: NetName=START Pin=X2-15
Added Pin To Net: NetName=GND Pin=X2-21
Added Pin To Net: NetName=DOUT Pin=X3-12
Added Pin To Net: NetName=SCLK Pin=X3-13
Added Pin To Net: NetName=DIN Pin=X3-14
Added Pin To Net: NetName=DRDY Pin=X3-21
Added Pin To Net: NetName=/CS1 Pin=D1-39
Added Pin To Net: NetName=/CS1 Pin=R34-1
Added Pin To Net: NetName=/CS1 Pin=X3-15
Added Net: Name=/CS1
Added Pin To Net: NetName=DGND Pin=C47-2
Added Pin To Net: NetName=DGND Pin=C48-2
Added Pin To Net: NetName=DGND Pin=C53-2
Added Pin To Net: NetName=DGND Pin=C54-2
Added Pin To Net: NetName=DGND Pin=D1-31
Added Pin To Net: NetName=DGND Pin=D1-41
Added Pin To Net: NetName=DGND Pin=D1-49
Added Pin To Net: NetName=DGND Pin=D1-51
Added Pin To Net: NetName=DGND Pin=D1-52
Added Pin To Net: NetName=DGND Pin=D2-31
Added Pin To Net: NetName=DGND Pin=D2-41
Added Pin To Net: NetName=DGND Pin=D2-49
Added Pin To Net: NetName=DGND Pin=D2-51
Added Pin To Net: NetName=DGND Pin=D2-52
Added Net: Name=DGND
Added Pin To Net: NetName=ESP32_5V_pin Pin=C55-2
Added Pin To Net: NetName=ESP32_5V_pin Pin=C58-2
Added Pin To Net: NetName=ESP32_5V_pin Pin=J1-2
Added Pin To Net: NetName=ESP32_5V_pin Pin=X2-20
Added Net: Name=ESP32_5V_pin
Added Pin To Net: NetName=NetJ1_1 Pin=J1-1
Added Pin To Net: NetName=NetJ1_1 Pin=X1-1
Added Net: Name=NetJ1_1
Added Member To Class: ClassName=Power supply Member=Component J1 Header 2
Added Member To Class: ClassName=ADS1298 Member=Component R58 10k
Added Member To Class: ClassName=ADS1298 Member=Component R59 10k
Added Member To Class: ClassName=ADS1298 Member=Component R60 10k
Added Member To Class: ClassName=ADS1298 Member=Component R61 10k
Added Member To Class: ClassName=ADS1298 Member=Component R62 10k
Added Member To Class: ClassName=ADS1298 Member=Component R63 10k
Added Member To Class: ClassName=ADS1298 Member=Component R64 10k
Added Member To Class: ClassName=ADS1298 Member=Component R65 10k
Added Room: Name=ESP32
