Removed Pin From Net: NetName=GND Pin=X1-2
Removed Pin From Net: NetName=IN1C Pin=X4-1
Removed Pin From Net: NetName=IN2C Pin=X4-2
Removed Pin From Net: NetName=IN3C Pin=X4-3
Removed Pin From Net: NetName=IN4C Pin=X4-4
Removed Pin From Net: NetName=IN5C Pin=X4-5
Removed Pin From Net: NetName=IN6C Pin=X4-6
Removed Pin From Net: NetName=IN7C Pin=X4-7
Removed Pin From Net: NetName=IN8C Pin=X4-8
Removed Member From Class: ClassName=Power supply Member=X1
Removed Member From Class: ClassName=ESP32 Member=X4
Added Component: Designator=X1(HDR1X10)
Add component (AddParameter): Name = "LatestRevisionDate"; Value = "17-Jul-2002"; VariantName = "[No Variations]"
Add component (AddParameter): Name = "LatestRevisionNote"; Value = "Re-released for DXP Platform."; VariantName = "[No Variations]"
Add component (AddParameter): Name = "Publisher"; Value = "Altium Limited"; VariantName = "[No Variations]"
Added Pin To Net: NetName=IN1C Pin=X1-1
Added Pin To Net: NetName=IN2C Pin=X1-2
Added Pin To Net: NetName=IN3C Pin=X1-3
Added Pin To Net: NetName=IN4C Pin=X1-4
Added Pin To Net: NetName=IN5C Pin=X1-5
Added Pin To Net: NetName=IN6C Pin=X1-6
Added Pin To Net: NetName=IN7C Pin=X1-7
Added Pin To Net: NetName=IN8C Pin=X1-8
Added Pin To Net: NetName=GND Pin=X1-9
Change Net Name : Old Net Name=GND New Net Name=BAT_GND
Added Pin To Net: NetName=BAT Pin=J1-1
Added Pin To Net: NetName=BAT Pin=X1-10
Added Net: Name=BAT
Added Member To Class: ClassName=ESP32 Member=Component X1 Header 10
